<?xml version="1.0" encoding="UTF-8"?>
<!-- Generated by org.testng.reporters.JUnitXMLReporter -->
<testsuite ignored="2" hostname="QT-INBG-LT2007" failures="0" tests="5" name="Car Loan" time="0.066" errors="0" timestamp="2022-10-13T19:43:32 IST">
  <testcase classname="basicsoftestng.day3" name="MobileloginCarLoan" time="0.007"/>
  <testcase classname="basicsoftestng.day3" name="MobilesigninCarLoan" time="0.001"/>
  <testcase classname="basicsoftestng.day3" name="MobilesigninCarLoan" time="0.0"/>
  <testcase classname="basicsoftestng.day3" name="MobilesigninCarLoan" time="0.001"/>
  <testcase classname="basicsoftestng.day3" name="MobilesignoutCarLoan" time="0.004"/>
  <testcase classname="basicsoftestng.day3" name="WebloginCarLoan" time="0.0">
    <ignored/>
  </testcase> <!-- WebloginCarLoan -->
  <testcase classname="basicsoftestng.day3" name="APILogincarloan" time="0.0">
    <ignored/>
  </testcase> <!-- APILogincarloan -->
</testsuite> <!-- Car Loan -->
