<?xml version="1.0" encoding="UTF-8"?>
<!-- Generated by org.testng.reporters.JUnitXMLReporter -->
<testsuite ignored="1" hostname="QT-INBG-LT2007" failures="1" tests="5" name="demo files" time="0.069" errors="0" timestamp="2022-10-13T19:43:32 IST">
  <testcase classname="basicsoftestng.day1" name="demo1" time="0.005"/>
  <testcase classname="basicsoftestng.day2" name="demo2" time="0.001"/>
  <testcase classname="basicsoftestng.day4" name="APILoginhomeloan" time="0.001"/>
  <testcase classname="basicsoftestng.day4" name="WebloginHomeLoan" time="0.001"/>
  <testcase classname="basicsoftestng.day1" name="a1" time="0.003">
    <failure type="java.lang.AssertionError" message="expected [true] but found [false]">
      <![CDATA[java.lang.AssertionError: expected [true] but found [false]
at basicsoftestng.day1.a1(day1.java:33)
at java.base/java.util.ArrayList.forEach(ArrayList.java:1511)
at java.base/java.util.concurrent.FutureTask.run(FutureTask.java:264)
at java.base/java.util.concurrent.ThreadPoolExecutor.runWorker(ThreadPoolExecutor.java:1136)
at java.base/java.util.concurrent.ThreadPoolExecutor$Worker.run(ThreadPoolExecutor.java:635)
at java.base/java.lang.Thread.run(Thread.java:833)
... Removed 22 stack frames]]>
    </failure>
  </testcase> <!-- a1 -->
  <testcase classname="basicsoftestng.day4" name="MobileloginHomeLoan" time="0.0">
    <ignored/>
  </testcase> <!-- MobileloginHomeLoan -->
</testsuite> <!-- demo files -->
