<?xml version="1.0" encoding="UTF-8"?>
<!-- Generated by org.testng.reporters.JUnitXMLReporter -->
<testsuite ignored="1" hostname="QT-INBG-LT2007" failures="0" tests="2" name="Home Loan" time="0.055" errors="0" timestamp="2022-10-13T19:43:32 IST">
  <testcase classname="basicsoftestng.day4" name="APILoginhomeloan" time="0.007"/>
  <testcase classname="basicsoftestng.day4" name="WebloginHomeLoan" time="0.003"/>
  <testcase classname="basicsoftestng.day4" name="MobileloginHomeLoan" time="0.0">
    <ignored/>
  </testcase> <!-- MobileloginHomeLoan -->
</testsuite> <!-- Home Loan -->
