<?xml version="1.0" encoding="UTF-8"?>
<!-- Generated by org.testng.reporters.JUnitXMLReporter -->
<testsuite ignored="6" hostname="QT-INBG-LT2007" failures="0" tests="2" name="parameters" time="0.038" errors="0" timestamp="2022-10-13T19:17:48 IST">
  <testcase classname="basicsoftestng.day1" name="demo1" time="0.003"/>
  <testcase classname="basicsoftestng.day3" name="APILogincarloan" time="0.001"/>
  <testcase classname="basicsoftestng.day3" name="MobileloginCarLoan" time="0.0">
    <ignored/>
  </testcase> <!-- MobileloginCarLoan -->
  <testcase classname="basicsoftestng.day1" name="a1" time="0.0">
    <ignored/>
  </testcase> <!-- a1 -->
  <testcase classname="basicsoftestng.day3" name="MobilesignoutCarLoan" time="0.0">
    <ignored/>
  </testcase> <!-- MobilesignoutCarLoan -->
  <testcase classname="basicsoftestng.day3" name="WebloginCarLoan" time="0.0">
    <ignored/>
  </testcase> <!-- WebloginCarLoan -->
  <testcase classname="basicsoftestng.day3" name="MobilesigninCarLoan" time="0.0">
    <ignored/>
  </testcase> <!-- MobilesigninCarLoan -->
  <testcase classname="basicsoftestng.day2" name="demo2" time="0.0">
    <ignored/>
  </testcase> <!-- demo2 -->
</testsuite> <!-- parameters -->
