<?xml version="1.0" encoding="UTF-8"?>
<!-- Generated by org.testng.reporters.JUnitXMLReporter -->
<testsuite ignored="0" hostname="QT-INBG-LT2007" failures="0" tests="6" name="Personal Loan" time="0.074" errors="0" timestamp="2022-10-13T12:14:08 IST">
  <testcase classname="basicsoftestng.day1" name="Demo" time="0.011"/>
  <testcase classname="basicsoftestng.day2" name="demo2" time="0.002"/>
  <testcase classname="basicsoftestng.day3" name="MobileloginCarLoan" time="0.0"/>
  <testcase classname="basicsoftestng.day3" name="WebloginCarLoan" time="0.001"/>
  <testcase classname="basicsoftestng.day4" name="MobileloginHomeLoan" time="0.001"/>
  <testcase classname="basicsoftestng.day4" name="WebloginHomeLoan" time="0.002"/>
</testsuite> <!-- Personal Loan -->
