<?xml version="1.0" encoding="UTF-8"?>
<!-- Generated by org.testng.reporters.JUnitXMLReporter -->
<testsuite ignored="1" hostname="QT-INBG-LT2007" failures="0" tests="9" name="regression" time="0.032" errors="0" timestamp="2022-10-13T19:17:48 IST">
  <testcase classname="basicsoftestng.day3" name="APILogincarloan" time="0.001"/>
  <testcase classname="basicsoftestng.day3" name="MobileloginCarLoan" time="0.001"/>
  <testcase classname="basicsoftestng.day3" name="MobilesigninCarLoan" time="0.002"/>
  <testcase classname="basicsoftestng.day3" name="MobilesigninCarLoan" time="0.001"/>
  <testcase classname="basicsoftestng.day3" name="MobilesigninCarLoan" time="0.0"/>
  <testcase classname="basicsoftestng.day3" name="MobilesignoutCarLoan" time="0.005"/>
  <testcase classname="basicsoftestng.day3" name="WebloginCarLoan" time="0.001"/>
  <testcase classname="basicsoftestng.day4" name="APILoginhomeloan" time="0.0"/>
  <testcase classname="basicsoftestng.day4" name="WebloginHomeLoan" time="0.002"/>
  <testcase classname="basicsoftestng.day4" name="MobileloginHomeLoan" time="0.0">
    <ignored/>
  </testcase> <!-- MobileloginHomeLoan -->
</testsuite> <!-- regression -->
