<?xml version="1.0" encoding="UTF-8"?>
<testng-results ignored="0" total="1" passed="1" failed="0" skipped="0">
  <reporter-output>
  </reporter-output>
  <suite started-at="2022-11-14T17:39:00 IST" name="Default suite" finished-at="2022-11-14T17:39:47 IST" duration-ms="46625">
    <groups>
    </groups>
    <test started-at="2022-11-14T17:39:00 IST" name="Default test" finished-at="2022-11-14T17:39:47 IST" duration-ms="46625">
      <class name="FrameworkPractise.Practise.AppTest">
        <test-method signature="OpenCart()[pri:0, instance:FrameworkPractise.Practise.AppTest@54e1c68b]" started-at="2022-11-14T17:39:00 IST" name="OpenCart" finished-at="2022-11-14T17:39:47 IST" duration-ms="46574" status="PASS">
          <reporter-output>
          </reporter-output>
        </test-method> <!-- OpenCart -->
      </class> <!-- FrameworkPractise.Practise.AppTest -->
    </test> <!-- Default test -->
  </suite> <!-- Default suite -->
</testng-results>
