<?xml version="1.0" encoding="UTF-8"?>
<!-- Generated by org.testng.reporters.JUnitXMLReporter -->
<testsuite ignored="0" hostname="QT-INBG-LT2007" failures="0" tests="2" name="Error Validation Test" time="19.146" errors="0" timestamp="2022-10-31T16:40:02 IST">
  <testcase classname="HybridFramework.SeleniumFrameworkDesign.ErrorValidation" name="LoginErrorValidationTest" time="1.223"/>
  <testcase classname="HybridFramework.SeleniumFrameworkDesign.ErrorValidation" name="ProductValidationCheck" time="9.716"/>
</testsuite> <!-- Error Validation Test -->
