<?xml version="1.0" encoding="UTF-8"?>
<!-- Generated by org.testng.reporters.JUnitXMLReporter -->
<testsuite ignored="2" hostname="QT-INBG-LT2007" failures="0" tests="0" time="0.015" errors="0" timestamp="2022-10-31T20:03:04 IST">
  <testcase classname="HybridFramework.SeleniumFrameworkDesign.SubmitOrder" name="CartValidationCheck" time="0.0">
    <ignored/>
  </testcase> <!-- CartValidationCheck -->
  <testcase classname="HybridFramework.SeleniumFrameworkDesign.SubmitOrder" name="SubmitOrderTest" time="0.0">
    <ignored/>
  </testcase> <!-- SubmitOrderTest -->
</testsuite>
