<?xml version="1.0" encoding="UTF-8"?>
<testng-results ignored="0" total="1" passed="1" failed="0" skipped="0">
  <reporter-output>
  </reporter-output>
  <suite started-at="2022-11-15T16:37:06 IST" name="Suite" finished-at="2022-11-15T16:37:18 IST" duration-ms="11249">
    <groups>
    </groups>
    <test started-at="2022-11-15T16:37:06 IST" name="Test" finished-at="2022-11-15T16:37:18 IST" duration-ms="11249">
      <class name="FrameworkPractise.DemoBlaze.DemoblazeTest">
        <test-method signature="AddProductToCart()[pri:0, instance:FrameworkPractise.DemoBlaze.DemoblazeTest@63fbfaeb]" started-at="2022-11-15T16:37:06 IST" name="AddProductToCart" finished-at="2022-11-15T16:37:18 IST" duration-ms="11177" status="PASS">
          <reporter-output>
          </reporter-output>
        </test-method> <!-- AddProductToCart -->
      </class> <!-- FrameworkPractise.DemoBlaze.DemoblazeTest -->
    </test> <!-- Test -->
  </suite> <!-- Suite -->
</testng-results>
