<?xml version="1.0" encoding="UTF-8"?>
<testng-results ignored="0" total="5" passed="5" failed="0" skipped="0">
  <reporter-output>
  </reporter-output>
  <suite started-at="2022-10-27T13:35:31 IST" name="Default suite" finished-at="2022-10-27T13:35:32 IST" duration-ms="783">
    <groups>
    </groups>
    <test started-at="2022-10-27T13:35:31 IST" name="Default test" finished-at="2022-10-27T13:35:32 IST" duration-ms="783">
      <class name="exceldatadriven.Exceldata">
        <test-method signature="Printdata(java.lang.String,java.lang.String,java.lang.String)[pri:0, instance:exceldatadriven.Exceldata@53aac487]" started-at="2022-10-27T13:35:32 IST" name="Printdata" data-provider="GetData" finished-at="2022-10-27T13:35:32 IST" duration-ms="7" status="PASS">
          <params>
            <param index="0">
              <value>
                <![CDATA[mubi]]>
              </value>
            </param>
            <param index="1">
              <value>
                <![CDATA[mubi12]]>
              </value>
            </param>
            <param index="2">
              <value>
                <![CDATA[1]]>
              </value>
            </param>
          </params>
          <reporter-output>
          </reporter-output>
        </test-method> <!-- Printdata -->
        <test-method signature="Printdata(java.lang.String,java.lang.String,java.lang.String)[pri:0, instance:exceldatadriven.Exceldata@53aac487]" started-at="2022-10-27T13:35:32 IST" name="Printdata" data-provider="GetData" finished-at="2022-10-27T13:35:32 IST" duration-ms="2" status="PASS">
          <params>
            <param index="0">
              <value>
                <![CDATA[john]]>
              </value>
            </param>
            <param index="1">
              <value>
                <![CDATA[john12]]>
              </value>
            </param>
            <param index="2">
              <value>
                <![CDATA[2]]>
              </value>
            </param>
          </params>
          <reporter-output>
          </reporter-output>
        </test-method> <!-- Printdata -->
        <test-method signature="Printdata(java.lang.String,java.lang.String,java.lang.String)[pri:0, instance:exceldatadriven.Exceldata@53aac487]" started-at="2022-10-27T13:35:32 IST" name="Printdata" data-provider="GetData" finished-at="2022-10-27T13:35:32 IST" duration-ms="2" status="PASS">
          <params>
            <param index="0">
              <value>
                <![CDATA[david]]>
              </value>
            </param>
            <param index="1">
              <value>
                <![CDATA[david12]]>
              </value>
            </param>
            <param index="2">
              <value>
                <![CDATA[3]]>
              </value>
            </param>
          </params>
          <reporter-output>
          </reporter-output>
        </test-method> <!-- Printdata -->
        <test-method signature="Printdata(java.lang.String,java.lang.String,java.lang.String)[pri:0, instance:exceldatadriven.Exceldata@53aac487]" started-at="2022-10-27T13:35:32 IST" name="Printdata" data-provider="GetData" finished-at="2022-10-27T13:35:32 IST" duration-ms="2" status="PASS">
          <params>
            <param index="0">
              <value>
                <![CDATA[banu]]>
              </value>
            </param>
            <param index="1">
              <value>
                <![CDATA[banu12]]>
              </value>
            </param>
            <param index="2">
              <value>
                <![CDATA[4]]>
              </value>
            </param>
          </params>
          <reporter-output>
          </reporter-output>
        </test-method> <!-- Printdata -->
        <test-method signature="Printdata(java.lang.String,java.lang.String,java.lang.String)[pri:0, instance:exceldatadriven.Exceldata@53aac487]" started-at="2022-10-27T13:35:32 IST" name="Printdata" data-provider="GetData" finished-at="2022-10-27T13:35:32 IST" duration-ms="1" status="PASS">
          <params>
            <param index="0">
              <value>
                <![CDATA[sanobar]]>
              </value>
            </param>
            <param index="1">
              <value>
                <![CDATA[san12]]>
              </value>
            </param>
            <param index="2">
              <value>
                <![CDATA[5]]>
              </value>
            </param>
          </params>
          <reporter-output>
          </reporter-output>
        </test-method> <!-- Printdata -->
      </class> <!-- exceldatadriven.Exceldata -->
    </test> <!-- Default test -->
  </suite> <!-- Default suite -->
</testng-results>
