<?xml version="1.0" encoding="UTF-8"?>
<!-- Generated by org.testng.reporters.JUnitXMLReporter -->
<testsuite ignored="0" hostname="QT-INBG-LT2007" failures="0" tests="5" name="Default test" time="0.783" errors="0" timestamp="2022-10-27T13:35:32 IST">
  <testcase classname="exceldatadriven.Exceldata" name="Printdata" time="0.007"/>
  <testcase classname="exceldatadriven.Exceldata" name="Printdata" time="0.002"/>
  <testcase classname="exceldatadriven.Exceldata" name="Printdata" time="0.002"/>
  <testcase classname="exceldatadriven.Exceldata" name="Printdata" time="0.002"/>
  <testcase classname="exceldatadriven.Exceldata" name="Printdata" time="0.001"/>
</testsuite> <!-- Default test -->
