<?xml version="1.0" encoding="UTF-8"?>
<testng-results ignored="0" total="1" passed="1" failed="0" skipped="0">
  <reporter-output>
  </reporter-output>
  <suite started-at="2022-11-23T16:38:04 IST" name="Suite" finished-at="2022-11-23T16:38:58 IST" duration-ms="54132">
    <groups>
    </groups>
    <test started-at="2022-11-23T16:38:04 IST" name="Test" finished-at="2022-11-23T16:38:58 IST" duration-ms="54132">
      <class name="FrameworkPractise.ClockWebReservation.AppTest">
        <test-method is-config="true" signature="LaunchApplication()[pri:0, instance:FrameworkPractise.ClockWebReservation.AppTest@27eedb64]" started-at="2022-11-23T16:38:04 IST" name="LaunchApplication" finished-at="2022-11-23T16:38:28 IST" duration-ms="24655" status="PASS">
          <reporter-output>
          </reporter-output>
        </test-method> <!-- LaunchApplication -->
        <test-method signature="Booking()[pri:0, instance:FrameworkPractise.ClockWebReservation.AppTest@27eedb64]" started-at="2022-11-23T16:38:28 IST" name="Booking" finished-at="2022-11-23T16:38:57 IST" duration-ms="29184" status="PASS">
          <reporter-output>
          </reporter-output>
        </test-method> <!-- Booking -->
        <test-method is-config="true" signature="CloseDriver()[pri:0, instance:FrameworkPractise.ClockWebReservation.AppTest@27eedb64]" started-at="2022-11-23T16:38:57 IST" name="CloseDriver" finished-at="2022-11-23T16:38:58 IST" duration-ms="252" status="PASS">
          <reporter-output>
          </reporter-output>
        </test-method> <!-- CloseDriver -->
      </class> <!-- FrameworkPractise.ClockWebReservation.AppTest -->
    </test> <!-- Test -->
  </suite> <!-- Suite -->
</testng-results>
