<?xml version="1.0" encoding="UTF-8"?>
<testng-results ignored="4" total="16" passed="11" failed="1" skipped="0">
  <reporter-output>
  </reporter-output>
  <suite started-at="2022-10-13T19:43:32 IST" name="Loan Department" finished-at="2022-10-13T19:43:32 IST" duration-ms="69">
    <groups>
      <group name="smoke">
        <method signature="day1.demo1(java.lang.String)[pri:0, instance:basicsoftestng.day1@6a84a97d]" name="demo1" class="basicsoftestng.day1"/>
        <method signature="day4.APILoginhomeloan()[pri:0, instance:basicsoftestng.day4@d29f28]" name="APILoginhomeloan" class="basicsoftestng.day4"/>
        <method signature="day4.APILoginhomeloan()[pri:0, instance:basicsoftestng.day4@7bd4937b]" name="APILoginhomeloan" class="basicsoftestng.day4"/>
      </group> <!-- smoke -->
    </groups>
    <test started-at="2022-10-13T19:43:32 IST" name="Car Loan" finished-at="2022-10-13T19:43:32 IST" duration-ms="66">
      <class name="basicsoftestng.day3">
        <test-method signature="MobileloginCarLoan()[pri:0, instance:basicsoftestng.day3@18d87d80]" started-at="2022-10-13T19:43:32 IST" name="MobileloginCarLoan" finished-at="2022-10-13T19:43:32 IST" duration-ms="7" status="PASS">
          <reporter-output>
          </reporter-output>
        </test-method> <!-- MobileloginCarLoan -->
        <test-method signature="MobilesigninCarLoan(java.lang.String,java.lang.String)[pri:0, instance:basicsoftestng.day3@18d87d80]" started-at="2022-10-13T19:43:32 IST" name="MobilesigninCarLoan" data-provider="getData" finished-at="2022-10-13T19:43:32 IST" duration-ms="1" status="PASS">
          <params>
            <param index="0">
              <value>
                <![CDATA[firstuser]]>
              </value>
            </param>
            <param index="1">
              <value>
                <![CDATA[firstpassword]]>
              </value>
            </param>
          </params>
          <reporter-output>
          </reporter-output>
        </test-method> <!-- MobilesigninCarLoan -->
        <test-method signature="MobilesigninCarLoan(java.lang.String,java.lang.String)[pri:0, instance:basicsoftestng.day3@18d87d80]" started-at="2022-10-13T19:43:32 IST" name="MobilesigninCarLoan" data-provider="getData" finished-at="2022-10-13T19:43:32 IST" duration-ms="0" status="PASS">
          <params>
            <param index="0">
              <value>
                <![CDATA[seconduser]]>
              </value>
            </param>
            <param index="1">
              <value>
                <![CDATA[secondtpassword]]>
              </value>
            </param>
          </params>
          <reporter-output>
          </reporter-output>
        </test-method> <!-- MobilesigninCarLoan -->
        <test-method signature="MobilesigninCarLoan(java.lang.String,java.lang.String)[pri:0, instance:basicsoftestng.day3@18d87d80]" started-at="2022-10-13T19:43:32 IST" name="MobilesigninCarLoan" data-provider="getData" finished-at="2022-10-13T19:43:32 IST" duration-ms="1" status="PASS">
          <params>
            <param index="0">
              <value>
                <![CDATA[thirduser]]>
              </value>
            </param>
            <param index="1">
              <value>
                <![CDATA[thirdpassword]]>
              </value>
            </param>
          </params>
          <reporter-output>
          </reporter-output>
        </test-method> <!-- MobilesigninCarLoan -->
        <test-method signature="MobilesignoutCarLoan()[pri:0, instance:basicsoftestng.day3@18d87d80]" started-at="2022-10-13T19:43:32 IST" name="MobilesignoutCarLoan" finished-at="2022-10-13T19:43:32 IST" duration-ms="4" status="PASS">
          <reporter-output>
          </reporter-output>
        </test-method> <!-- MobilesignoutCarLoan -->
        <test-method is-config="true" signature="cleanup()[pri:0, instance:basicsoftestng.day3@18d87d80]" started-at="2022-10-13T19:43:32 IST" name="cleanup" finished-at="2022-10-13T19:43:32 IST" duration-ms="0" status="PASS">
          <reporter-output>
          </reporter-output>
        </test-method> <!-- cleanup -->
      </class> <!-- basicsoftestng.day3 -->
    </test> <!-- Car Loan -->
    <test started-at="2022-10-13T19:43:32 IST" name="Home Loan" finished-at="2022-10-13T19:43:32 IST" duration-ms="55">
      <class name="basicsoftestng.day3">
        <test-method is-config="true" signature="bfsuite()[pri:0, instance:basicsoftestng.day3@18d87d80]" started-at="2022-10-13T19:43:32 IST" name="bfsuite" finished-at="2022-10-13T19:43:32 IST" duration-ms="1" status="PASS">
          <reporter-output>
          </reporter-output>
        </test-method> <!-- bfsuite -->
      </class> <!-- basicsoftestng.day3 -->
      <class name="basicsoftestng.day4">
        <test-method signature="APILoginhomeloan()[pri:0, instance:basicsoftestng.day4@7bd4937b]" started-at="2022-10-13T19:43:32 IST" name="APILoginhomeloan" finished-at="2022-10-13T19:43:32 IST" duration-ms="7" status="PASS">
          <reporter-output>
          </reporter-output>
        </test-method> <!-- APILoginhomeloan -->
        <test-method signature="WebloginHomeLoan()[pri:0, instance:basicsoftestng.day4@7bd4937b]" started-at="2022-10-13T19:43:32 IST" name="WebloginHomeLoan" finished-at="2022-10-13T19:43:32 IST" duration-ms="3" status="PASS">
          <reporter-output>
          </reporter-output>
        </test-method> <!-- WebloginHomeLoan -->
        <test-method is-config="true" signature="method2()[pri:0, instance:basicsoftestng.day4@7bd4937b]" started-at="2022-10-13T19:43:32 IST" name="method2" finished-at="2022-10-13T19:43:32 IST" duration-ms="0" status="PASS">
          <reporter-output>
          </reporter-output>
        </test-method> <!-- method2 -->
        <test-method is-config="true" signature="method2()[pri:0, instance:basicsoftestng.day4@7bd4937b]" started-at="2022-10-13T19:43:32 IST" name="method2" finished-at="2022-10-13T19:43:32 IST" duration-ms="0" status="PASS">
          <reporter-output>
          </reporter-output>
        </test-method> <!-- method2 -->
        <test-method is-config="true" signature="aftersuite()[pri:0, instance:basicsoftestng.day4@7bd4937b]" started-at="2022-10-13T19:43:32 IST" name="aftersuite" finished-at="2022-10-13T19:43:32 IST" duration-ms="0" status="PASS">
          <reporter-output>
          </reporter-output>
        </test-method> <!-- aftersuite -->
      </class> <!-- basicsoftestng.day4 -->
      <class name="basicsoftestng.day1">
        <test-method is-config="true" signature="aftersuite()[pri:0, instance:basicsoftestng.day1@6a84a97d]" started-at="2022-10-13T19:43:32 IST" name="aftersuite" finished-at="2022-10-13T19:43:32 IST" duration-ms="0" status="PASS">
          <reporter-output>
          </reporter-output>
        </test-method> <!-- aftersuite -->
      </class> <!-- basicsoftestng.day1 -->
      <class name="basicsoftestng.day2">
        <test-method is-config="true" signature="bfsuite()[pri:0, instance:basicsoftestng.day2@932bc4a]" started-at="2022-10-13T19:43:32 IST" name="bfsuite" finished-at="2022-10-13T19:43:32 IST" duration-ms="5" status="PASS">
          <reporter-output>
          </reporter-output>
        </test-method> <!-- bfsuite -->
      </class> <!-- basicsoftestng.day2 -->
    </test> <!-- Home Loan -->
    <test started-at="2022-10-13T19:43:32 IST" name="demo files" finished-at="2022-10-13T19:43:32 IST" duration-ms="69">
      <class name="basicsoftestng.day4">
        <test-method signature="APILoginhomeloan()[pri:0, instance:basicsoftestng.day4@d29f28]" started-at="2022-10-13T19:43:32 IST" name="APILoginhomeloan" finished-at="2022-10-13T19:43:32 IST" duration-ms="1" status="PASS">
          <reporter-output>
          </reporter-output>
        </test-method> <!-- APILoginhomeloan -->
        <test-method is-config="true" signature="method2()[pri:0, instance:basicsoftestng.day4@d29f28]" started-at="2022-10-13T19:43:32 IST" name="method2" finished-at="2022-10-13T19:43:32 IST" duration-ms="1" status="PASS">
          <reporter-output>
          </reporter-output>
        </test-method> <!-- method2 -->
        <test-method signature="WebloginHomeLoan()[pri:0, instance:basicsoftestng.day4@d29f28]" started-at="2022-10-13T19:43:32 IST" name="WebloginHomeLoan" finished-at="2022-10-13T19:43:32 IST" duration-ms="1" status="PASS">
          <reporter-output>
          </reporter-output>
        </test-method> <!-- WebloginHomeLoan -->
        <test-method is-config="true" signature="method2()[pri:0, instance:basicsoftestng.day4@d29f28]" started-at="2022-10-13T19:43:32 IST" name="method2" finished-at="2022-10-13T19:43:32 IST" duration-ms="1" status="PASS">
          <reporter-output>
          </reporter-output>
        </test-method> <!-- method2 -->
      </class> <!-- basicsoftestng.day4 -->
      <class name="basicsoftestng.day1">
        <test-method is-config="true" signature="beforeclass()[pri:0, instance:basicsoftestng.day1@6a84a97d]" started-at="2022-10-13T19:43:32 IST" name="beforeclass" finished-at="2022-10-13T19:43:32 IST" duration-ms="0" status="PASS">
          <reporter-output>
          </reporter-output>
        </test-method> <!-- beforeclass -->
        <test-method is-config="true" signature="method1()[pri:0, instance:basicsoftestng.day1@6a84a97d]" started-at="2022-10-13T19:43:32 IST" name="method1" finished-at="2022-10-13T19:43:32 IST" duration-ms="0" status="PASS">
          <reporter-output>
          </reporter-output>
        </test-method> <!-- method1 -->
        <test-method signature="demo1(java.lang.String)[pri:0, instance:basicsoftestng.day1@6a84a97d]" started-at="2022-10-13T19:43:32 IST" name="demo1" finished-at="2022-10-13T19:43:32 IST" duration-ms="5" status="PASS">
          <params>
            <param index="0">
              <value>
                <![CDATA[suitelevel.com]]>
              </value>
            </param>
          </params>
          <reporter-output>
          </reporter-output>
        </test-method> <!-- demo1 -->
        <test-method is-config="true" signature="method2()[pri:0, instance:basicsoftestng.day1@6a84a97d]" started-at="2022-10-13T19:43:32 IST" name="method2" finished-at="2022-10-13T19:43:32 IST" duration-ms="1" status="PASS">
          <reporter-output>
          </reporter-output>
        </test-method> <!-- method2 -->
        <test-method is-config="true" signature="method1()[pri:0, instance:basicsoftestng.day1@6a84a97d]" started-at="2022-10-13T19:43:32 IST" name="method1" finished-at="2022-10-13T19:43:32 IST" duration-ms="0" status="PASS">
          <reporter-output>
          </reporter-output>
        </test-method> <!-- method1 -->
        <test-method signature="a1()[pri:0, instance:basicsoftestng.day1@6a84a97d]" started-at="2022-10-13T19:43:32 IST" name="a1" finished-at="2022-10-13T19:43:32 IST" depends-on-methods="basicsoftestng.day1.demo1" duration-ms="3" status="FAIL">
          <exception class="java.lang.AssertionError">
            <message>
              <![CDATA[expected [true] but found [false]]]>
            </message>
            <full-stacktrace>
              <![CDATA[java.lang.AssertionError: expected [true] but found [false]
at org.testng.Assert.fail(Assert.java:99)
at org.testng.Assert.failNotEquals(Assert.java:1037)
at org.testng.Assert.assertTrue(Assert.java:45)
at org.testng.Assert.assertTrue(Assert.java:55)
at basicsoftestng.day1.a1(day1.java:33)
at java.base/jdk.internal.reflect.NativeMethodAccessorImpl.invoke0(Native Method)
at java.base/jdk.internal.reflect.NativeMethodAccessorImpl.invoke(NativeMethodAccessorImpl.java:77)
at java.base/jdk.internal.reflect.DelegatingMethodAccessorImpl.invoke(DelegatingMethodAccessorImpl.java:43)
at java.base/java.lang.reflect.Method.invoke(Method.java:568)
at org.testng.internal.MethodInvocationHelper.invokeMethod(MethodInvocationHelper.java:133)
at org.testng.internal.TestInvoker.invokeMethod(TestInvoker.java:598)
at org.testng.internal.TestInvoker.invokeTestMethod(TestInvoker.java:173)
at org.testng.internal.MethodRunner.runInSequence(MethodRunner.java:46)
at org.testng.internal.TestInvoker$MethodInvocationAgent.invoke(TestInvoker.java:824)
at org.testng.internal.TestInvoker.invokeTestMethods(TestInvoker.java:146)
at org.testng.internal.TestMethodWorker.invokeTestMethods(TestMethodWorker.java:146)
at org.testng.internal.TestMethodWorker.run(TestMethodWorker.java:128)
at java.base/java.util.ArrayList.forEach(ArrayList.java:1511)
at org.testng.TestRunner.privateRun(TestRunner.java:794)
at org.testng.TestRunner.run(TestRunner.java:596)
at org.testng.SuiteRunner.runTest(SuiteRunner.java:377)
at org.testng.SuiteRunner.access$000(SuiteRunner.java:28)
at org.testng.SuiteRunner$SuiteWorker.run(SuiteRunner.java:418)
at org.testng.internal.thread.ThreadUtil.lambda$execute$0(ThreadUtil.java:64)
at java.base/java.util.concurrent.FutureTask.run(FutureTask.java:264)
at java.base/java.util.concurrent.ThreadPoolExecutor.runWorker(ThreadPoolExecutor.java:1136)
at java.base/java.util.concurrent.ThreadPoolExecutor$Worker.run(ThreadPoolExecutor.java:635)
at java.base/java.lang.Thread.run(Thread.java:833)
]]>
            </full-stacktrace>
          </exception> <!-- java.lang.AssertionError -->
          <reporter-output>
          </reporter-output>
        </test-method> <!-- a1 -->
        <test-method is-config="true" signature="aeforeclass()[pri:0, instance:basicsoftestng.day1@6a84a97d]" started-at="2022-10-13T19:43:32 IST" name="aeforeclass" finished-at="2022-10-13T19:43:32 IST" duration-ms="1" status="PASS">
          <reporter-output>
          </reporter-output>
        </test-method> <!-- aeforeclass -->
        <test-method is-config="true" signature="method2()[pri:0, instance:basicsoftestng.day1@6a84a97d]" started-at="2022-10-13T19:43:32 IST" name="method2" finished-at="2022-10-13T19:43:32 IST" duration-ms="0" status="PASS">
          <reporter-output>
          </reporter-output>
        </test-method> <!-- method2 -->
        <test-method is-config="true" signature="cleanup()[pri:0, instance:basicsoftestng.day1@6a84a97d]" started-at="2022-10-13T19:43:32 IST" name="cleanup" finished-at="2022-10-13T19:43:32 IST" duration-ms="0" status="PASS">
          <reporter-output>
          </reporter-output>
        </test-method> <!-- cleanup -->
      </class> <!-- basicsoftestng.day1 -->
      <class name="basicsoftestng.day2">
        <test-method is-config="true" signature="prerequisite()[pri:0, instance:basicsoftestng.day2@932bc4a]" started-at="2022-10-13T19:43:32 IST" name="prerequisite" finished-at="2022-10-13T19:43:32 IST" duration-ms="0" status="PASS">
          <reporter-output>
          </reporter-output>
        </test-method> <!-- prerequisite -->
        <test-method signature="demo2()[pri:0, instance:basicsoftestng.day2@932bc4a]" started-at="2022-10-13T19:43:32 IST" name="demo2" finished-at="2022-10-13T19:43:32 IST" duration-ms="1" status="PASS">
          <reporter-output>
          </reporter-output>
        </test-method> <!-- demo2 -->
        <test-method is-config="true" signature="aftertest()[pri:0, instance:basicsoftestng.day2@932bc4a]" started-at="2022-10-13T19:43:32 IST" name="aftertest" finished-at="2022-10-13T19:43:32 IST" duration-ms="1" status="PASS">
          <reporter-output>
          </reporter-output>
        </test-method> <!-- aftertest -->
      </class> <!-- basicsoftestng.day2 -->
    </test> <!-- demo files -->
  </suite> <!-- Loan Department -->
</testng-results>
